0 info it worked if it ends with ok
1 verbose cli [ 'c:\\Program Files\\nodejs\\node.exe',
1 verbose cli   'C:\\Users\\Kendall\\AppData\\Roaming\\npm\\node_modules\\npm\\bin\\npm-cli.js',
1 verbose cli   'run',
1 verbose cli   'build' ]
2 info using npm@3.8.9
3 info using node@v6.9.4
4 verbose run-script [ 'prebuild', 'build', 'postbuild' ]
5 info lifecycle kndllbrwnresume@1.0.0~prebuild: kndllbrwnresume@1.0.0
6 silly lifecycle kndllbrwnresume@1.0.0~prebuild: no script for prebuild, continuing
7 info lifecycle kndllbrwnresume@1.0.0~build: kndllbrwnresume@1.0.0
8 verbose lifecycle kndllbrwnresume@1.0.0~build: unsafe-perm in lifecycle true
9 verbose lifecycle kndllbrwnresume@1.0.0~build: PATH: C:\Users\Kendall\AppData\Roaming\npm\node_modules\npm\bin\node-gyp-bin;c:\Users\Kendall\Desktop\portfolio2018\kndllbrwn.github.io\node_modules\.bin;c:\Program Files\nodejs;c:\Users\Kendall\bin;.;C:\RailsInstaller\Git\local\bin;C:\RailsInstaller\Git\mingw\bin;C:\RailsInstaller\Git\bin;c:\ProgramData\Oracle\Java\javapath;c:\Program Files (x86)\RSA SecurID Token Common;c:\Program Files\RSA SecurID Token Common;c:\Program Files (x86)\Intel\iCLS Client\;c:\Program Files\Intel\iCLS Client\;c:\WINDOWS\system32;c:\WINDOWS;c:\WINDOWS\System32\Wbem;c:\WINDOWS\System32\WindowsPowerShell\v1.0\;c:\Program Files\Hewlett-Packard\SimplePass\;c:\Program Files\Intel\Intel(R) Management Engine Components\DAL;c:\Program Files (x86)\Intel\Intel(R) Management Engine Components\DAL;c:\Program Files\Intel\Intel(R) Management Engine Components\IPT;c:\Program Files (x86)\Intel\Intel(R) Management Engine Components\IPT;c:\Program Files\WIDCOMM\Bluetooth Software\;c:\Program Files\WIDCOMM\Bluetooth Software\syswow64;c:\Program Files (x86)\Windows Kits\8.1\Windows Performance Toolkit\;c:\Program Files\Microsoft SQL Server\110\Tools\Binn\;c:\Program Files (x86)\Microsoft SDKs\TypeScript\1.0\;c:\Program Files\Microsoft SQL Server\120\Tools\Binn\;c:\Program Files (x86)\DevDesktop\drush;c:\Program Files\nodejs\;c:\Program Files (x86)\Skype\Phone\;C:\RailsInstaller\Git\cmd;c:\RailsInstaller\Ruby2.1.0\bin;c:\Ruby22-x64\bin;c:\Ruby22\bin;c:\Users\Kendall\AppData\Local\Microsoft\WindowsApps;c:\Users\Kendall\AppData\Roaming\npm;c:\Program Files\Heroku\bin;c:\Users\Kendall\AppData\Local\.meteor\
10 verbose lifecycle kndllbrwnresume@1.0.0~build: CWD: c:\Users\Kendall\Desktop\portfolio2018\kndllbrwn.github.io
11 silly lifecycle kndllbrwnresume@1.0.0~build: Args: [ '/d /s /c', 'webpack' ]
12 silly lifecycle kndllbrwnresume@1.0.0~build: Returned: code: 2  signal: null
13 info lifecycle kndllbrwnresume@1.0.0~build: Failed to exec build script
14 verbose stack Error: kndllbrwnresume@1.0.0 build: `webpack`
14 verbose stack Exit status 2
14 verbose stack     at EventEmitter.<anonymous> (C:\Users\Kendall\AppData\Roaming\npm\node_modules\npm\lib\utils\lifecycle.js:245:16)
14 verbose stack     at emitTwo (events.js:106:13)
14 verbose stack     at EventEmitter.emit (events.js:191:7)
14 verbose stack     at ChildProcess.<anonymous> (C:\Users\Kendall\AppData\Roaming\npm\node_modules\npm\lib\utils\spawn.js:24:14)
14 verbose stack     at emitTwo (events.js:106:13)
14 verbose stack     at ChildProcess.emit (events.js:191:7)
14 verbose stack     at maybeClose (internal/child_process.js:877:16)
14 verbose stack     at Process.ChildProcess._handle.onexit (internal/child_process.js:226:5)
15 verbose pkgid kndllbrwnresume@1.0.0
16 verbose cwd c:\Users\Kendall\Desktop\portfolio2018\kndllbrwn.github.io
17 error Windows_NT 10.0.14393
18 error argv "c:\\Program Files\\nodejs\\node.exe" "C:\\Users\\Kendall\\AppData\\Roaming\\npm\\node_modules\\npm\\bin\\npm-cli.js" "run" "build"
19 error node v6.9.4
20 error npm  v3.8.9
21 error code ELIFECYCLE
22 error kndllbrwnresume@1.0.0 build: `webpack`
22 error Exit status 2
23 error Failed at the kndllbrwnresume@1.0.0 build script 'webpack'.
23 error Make sure you have the latest version of node.js and npm installed.
23 error If you do, this is most likely a problem with the kndllbrwnresume package,
23 error not with npm itself.
23 error Tell the author that this fails on your system:
23 error     webpack
23 error You can get information on how to open an issue for this project with:
23 error     npm bugs kndllbrwnresume
23 error Or if that isn't available, you can get their info via:
23 error     npm owner ls kndllbrwnresume
23 error There is likely additional logging output above.
24 verbose exit [ 1, true ]
